<?xml version="1.0" encoding="UTF-8"?>
<testng-results skipped="0" failed="0" total="1" passed="1">
  <reporter-output>
  </reporter-output>
  <suite name="Default suite" duration-ms="24413" started-at="2015-12-22T06:13:50Z" finished-at="2015-12-22T06:14:14Z">
    <groups>
    </groups>
    <test name="Default test" duration-ms="24413" started-at="2015-12-22T06:13:50Z" finished-at="2015-12-22T06:14:14Z">
      <class name="NodeDemo">
        <test-method status="PASS" signature="testOnLinux()[pri:0, instance:NodeDemo@721e0f4f]" name="testOnLinux" duration-ms="24390" started-at="2015-12-22T11:43:50Z" finished-at="2015-12-22T11:44:14Z">
          <reporter-output>
          </reporter-output>
        </test-method> <!-- testOnLinux -->
      </class> <!-- NodeDemo -->
    </test> <!-- Default test -->
  </suite> <!-- Default suite -->
</testng-results>
