<?xml version="1.0" encoding="UTF-8"?>
<testng-results skipped="0" failed="0" total="1" passed="1">
  <reporter-output>
  </reporter-output>
  <suite name="Default suite" duration-ms="8823" started-at="2015-12-21T11:31:09Z" finished-at="2015-12-21T11:31:18Z">
    <groups>
    </groups>
    <test name="Default test" duration-ms="8823" started-at="2015-12-21T11:31:09Z" finished-at="2015-12-21T11:31:18Z">
      <class name="com.ust.keyworddriven.utility.CommandExecutor">
        <test-method status="PASS" signature="testExecute()[pri:0, instance:com.ust.keyworddriven.utility.CommandExecutor@23223dd8]" name="testExecute" duration-ms="8807" started-at="2015-12-21T17:01:09Z" finished-at="2015-12-21T17:01:18Z">
          <reporter-output>
          </reporter-output>
        </test-method> <!-- testExecute -->
      </class> <!-- com.ust.keyworddriven.utility.CommandExecutor -->
    </test> <!-- Default test -->
  </suite> <!-- Default suite -->
</testng-results>
